2024-06-24 12:14:53,664 - %2BE6mhZWXdoSrGbu%2BDvcLxQ - 131 - INFO - BTC-USDT-SWAP 下单: 0.1份,保证金: 0.613646 下单最大: 0.6
2024-06-24 12:14:53,665 - %2BE6mhZWXdoSrGbu%2BDvcLxQ - 131 - INFO - 不再下单
2024-06-24 12:14:53,862 - %2BE6mhZWXdoSrGbu%2BDvcLxQ - 131 - INFO - BTC-USDT-SWAP 下单: 0.1份,保证金: 0.613646 下单最大: 0.6
2024-06-24 12:14:53,863 - %2BE6mhZWXdoSrGbu%2BDvcLxQ - 131 - INFO - 不再下单
2024-06-24 12:14:54,065 - %2BE6mhZWXdoSrGbu%2BDvcLxQ - 131 - INFO - BTC-USDT-SWAP 下单: 0.1份,保证金: 0.6136590000000001 下单最大: 0.6
2024-06-24 12:14:54,066 - %2BE6mhZWXdoSrGbu%2BDvcLxQ - 131 - INFO - 不再下单
2024-06-24 12:14:54,251 - %2BE6mhZWXdoSrGbu%2BDvcLxQ - 131 - INFO - BTC-USDT-SWAP 下单: 0.1份,保证金: 0.6136590000000001 下单最大: 0.6
2024-06-24 12:14:54,251 - %2BE6mhZWXdoSrGbu%2BDvcLxQ - 131 - INFO - 不再下单
2024-06-24 12:14:54,436 - %2BE6mhZWXdoSrGbu%2BDvcLxQ - 131 - INFO - BTC-USDT-SWAP 下单: 0.1份,保证金: 0.6136590000000001 下单最大: 0.6
2024-06-24 12:14:54,436 - %2BE6mhZWXdoSrGbu%2BDvcLxQ - 131 - INFO - 不再下单
2024-06-24 12:14:54,631 - %2BE6mhZWXdoSrGbu%2BDvcLxQ - 131 - INFO - BTC-USDT-SWAP 下单: 0.1份,保证金: 0.6136590000000001 下单最大: 0.6
2024-06-24 12:14:54,632 - %2BE6mhZWXdoSrGbu%2BDvcLxQ - 131 - INFO - 不再下单
2024-06-24 12:14:54,888 - %2BE6mhZWXdoSrGbu%2BDvcLxQ - 131 - INFO - BTC-USDT-SWAP 下单: 0.1份,保证金: 0.6136590000000001 下单最大: 0.6
2024-06-24 12:14:54,888 - %2BE6mhZWXdoSrGbu%2BDvcLxQ - 131 - INFO - 不再下单
2024-06-24 12:25:03,240 - %2BE6mhZWXdoSrGbu%2BDvcLxQ - 131 - INFO - BTC-USDT-SWAP 下单: 0.1份,保证金: 0.6144240000000001 下单最大: 0.6
2024-06-24 12:25:03,241 - %2BE6mhZWXdoSrGbu%2BDvcLxQ - 131 - INFO - 不再下单
2024-06-24 12:25:03,477 - %2BE6mhZWXdoSrGbu%2BDvcLxQ - 131 - INFO - BTC-USDT-SWAP 下单: 0.1份,保证金: 0.614425 下单最大: 0.6
2024-06-24 12:25:03,477 - %2BE6mhZWXdoSrGbu%2BDvcLxQ - 131 - INFO - 不再下单
2024-06-24 12:25:03,732 - %2BE6mhZWXdoSrGbu%2BDvcLxQ - 131 - INFO - BTC-USDT-SWAP 下单: 0.1份,保证金: 0.61441 下单最大: 0.6
2024-06-24 12:25:03,732 - %2BE6mhZWXdoSrGbu%2BDvcLxQ - 131 - INFO - 不再下单
2024-06-24 12:50:23,342 - %2BE6mhZWXdoSrGbu%2BDvcLxQ - 131 - INFO - 平仓单上次下的单
2024-06-24 12:50:23,534 - %2BE6mhZWXdoSrGbu%2BDvcLxQ - 131 - INFO - BTC-USDT-SWAP 下单: 0.1,保证金: 0.611322
2024-06-24 12:50:23,534 - %2BE6mhZWXdoSrGbu%2BDvcLxQ - 131 - INFO - 交易员 %2BE6mhZWXdoSrGbu%2BDvcLxQ 以单价61290.4U 100倍【买入平空】BTC-USDT-SWAP ,0.001张 ，我平0.1张
2024-06-24 12:50:23,811 - %2BE6mhZWXdoSrGbu%2BDvcLxQ - 131 - INFO - 委托失败, 原因：Order failed. You don't have any positions in this contract that can be closed. 
2024-06-24 12:50:24,850 - %2BE6mhZWXdoSrGbu%2BDvcLxQ - 131 - INFO - {'BTC-USDT-SWAP_100_short_cross': 0}
2024-06-24 12:50:24,850 - %2BE6mhZWXdoSrGbu%2BDvcLxQ - 131 - INFO - {'BTC-USDT-SWAP_100_short_cross': 0}
2024-06-24 12:50:24,850 - %2BE6mhZWXdoSrGbu%2BDvcLxQ - 131 - INFO - 平仓单上次下的单
2024-06-24 12:50:25,079 - %2BE6mhZWXdoSrGbu%2BDvcLxQ - 131 - INFO - BTC-USDT-SWAP 下单: 0.1,保证金: 0.611369
2024-06-24 13:05:29,099 - %2BE6mhZWXdoSrGbu%2BDvcLxQ - 131 - INFO - 平仓单上次下的单
2024-06-24 13:05:29,318 - %2BE6mhZWXdoSrGbu%2BDvcLxQ - 131 - INFO - BTC-USDT-SWAP 下单: 0.1,保证金: 0.610741
2024-06-24 13:05:29,318 - %2BE6mhZWXdoSrGbu%2BDvcLxQ - 131 - INFO - 平仓单上次下的单
2024-06-24 13:05:29,534 - %2BE6mhZWXdoSrGbu%2BDvcLxQ - 131 - INFO - BTC-USDT-SWAP 下单: 0.1,保证金: 0.6107780000000002
2024-06-24 13:05:29,535 - %2BE6mhZWXdoSrGbu%2BDvcLxQ - 131 - INFO - 平仓单上次下的单
2024-06-24 13:05:29,739 - %2BE6mhZWXdoSrGbu%2BDvcLxQ - 131 - INFO - BTC-USDT-SWAP 下单: 0.1,保证金: 0.6107770000000001
2024-06-24 13:05:29,739 - %2BE6mhZWXdoSrGbu%2BDvcLxQ - 131 - INFO - 平仓单上次下的单
2024-06-24 13:05:29,933 - %2BE6mhZWXdoSrGbu%2BDvcLxQ - 131 - INFO - BTC-USDT-SWAP 下单: 0.1,保证金: 0.6107780000000002
2024-06-24 13:05:29,933 - %2BE6mhZWXdoSrGbu%2BDvcLxQ - 131 - INFO - 平仓单上次下的单
2024-06-24 13:05:30,130 - %2BE6mhZWXdoSrGbu%2BDvcLxQ - 131 - INFO - BTC-USDT-SWAP 下单: 0.1,保证金: 0.610836
2024-06-24 13:05:30,131 - %2BE6mhZWXdoSrGbu%2BDvcLxQ - 131 - INFO - 平仓单上次下的单
2024-06-24 13:05:30,313 - %2BE6mhZWXdoSrGbu%2BDvcLxQ - 131 - INFO - BTC-USDT-SWAP 下单: 0.1,保证金: 0.610836
2024-06-24 13:05:30,313 - %2BE6mhZWXdoSrGbu%2BDvcLxQ - 131 - INFO - 平仓单上次下的单
2024-06-24 13:05:30,497 - %2BE6mhZWXdoSrGbu%2BDvcLxQ - 131 - INFO - BTC-USDT-SWAP 下单: 0.1,保证金: 0.6107770000000001
2024-06-24 13:05:30,498 - %2BE6mhZWXdoSrGbu%2BDvcLxQ - 131 - INFO - 平仓单上次下的单
2024-06-24 13:05:30,717 - %2BE6mhZWXdoSrGbu%2BDvcLxQ - 131 - INFO - BTC-USDT-SWAP 下单: 0.1,保证金: 0.6108350000000001
2024-06-24 13:05:30,718 - %2BE6mhZWXdoSrGbu%2BDvcLxQ - 131 - INFO - 平仓单上次下的单
2024-06-24 13:05:30,910 - %2BE6mhZWXdoSrGbu%2BDvcLxQ - 131 - INFO - BTC-USDT-SWAP 下单: 0.1,保证金: 0.6108350000000001
2024-06-24 14:01:32,303 - %2BE6mhZWXdoSrGbu%2BDvcLxQ - 131 - INFO - BTC-USDT-SWAP 下单: 0.1份,保证金: 0.6160610000000001 下单最大: 0.6
2024-06-24 14:01:32,303 - %2BE6mhZWXdoSrGbu%2BDvcLxQ - 131 - INFO - 不再下单
2024-06-24 14:01:32,516 - %2BE6mhZWXdoSrGbu%2BDvcLxQ - 131 - INFO - BTC-USDT-SWAP 下单: 0.1份,保证金: 0.616036 下单最大: 0.6
2024-06-24 14:01:32,517 - %2BE6mhZWXdoSrGbu%2BDvcLxQ - 131 - INFO - 不再下单
2024-06-24 14:01:32,721 - %2BE6mhZWXdoSrGbu%2BDvcLxQ - 131 - INFO - BTC-USDT-SWAP 下单: 0.1份,保证金: 0.616036 下单最大: 0.6
2024-06-24 14:01:32,722 - %2BE6mhZWXdoSrGbu%2BDvcLxQ - 131 - INFO - 不再下单
2024-06-24 14:01:32,986 - %2BE6mhZWXdoSrGbu%2BDvcLxQ - 131 - INFO - BTC-USDT-SWAP 下单: 0.1份,保证金: 0.616036 下单最大: 0.6
2024-06-24 14:01:32,987 - %2BE6mhZWXdoSrGbu%2BDvcLxQ - 131 - INFO - 不再下单
2024-06-24 14:01:33,211 - %2BE6mhZWXdoSrGbu%2BDvcLxQ - 131 - INFO - BTC-USDT-SWAP 下单: 0.1份,保证金: 0.616006 下单最大: 0.6
2024-06-24 14:01:33,211 - %2BE6mhZWXdoSrGbu%2BDvcLxQ - 131 - INFO - 不再下单
2024-06-24 14:01:33,469 - %2BE6mhZWXdoSrGbu%2BDvcLxQ - 131 - INFO - BTC-USDT-SWAP 下单: 0.1份,保证金: 0.616006 下单最大: 0.6
2024-06-24 14:01:33,469 - %2BE6mhZWXdoSrGbu%2BDvcLxQ - 131 - INFO - 不再下单
2024-06-24 14:01:33,674 - %2BE6mhZWXdoSrGbu%2BDvcLxQ - 131 - INFO - BTC-USDT-SWAP 下单: 0.1份,保证金: 0.616 下单最大: 0.6
2024-06-24 14:01:33,674 - %2BE6mhZWXdoSrGbu%2BDvcLxQ - 131 - INFO - 不再下单
