2024-06-24 12:00:10,093 - C%2B0VRghKDyIwVzMvhIhhrA - 131 - INFO - UNI-USDT-SWAP 下单: 2份,保证金: 0.36036 下单最大: 0.7
2024-06-24 12:00:10,093 - C%2B0VRghKDyIwVzMvhIhhrA - 131 - INFO - 交易员 C%2B0VRghKDyIwVzMvhIhhrA 以单价9.011U 50倍【买入开多】UNI-USDT-SWAP ,400.0张 ，我开2张
2024-06-24 12:00:10,308 - C%2B0VRghKDyIwVzMvhIhhrA - 131 - INFO - cross多委托成功, 订单id：1567931843128905728 06/24 12:00:10
2024-06-24 12:00:10,409 - C%2B0VRghKDyIwVzMvhIhhrA - 131 - INFO - 订单 1567931843128905728 已成交。
2024-06-24 12:00:11,311 - C%2B0VRghKDyIwVzMvhIhhrA - 131 - INFO - {'UNI-USDT-SWAP_50_long_cross': 400.0}
2024-06-24 12:00:11,312 - C%2B0VRghKDyIwVzMvhIhhrA - 131 - INFO - {'UNI-USDT-SWAP_50_long_cross': 2.0}
2024-06-24 12:20:22,295 - C%2B0VRghKDyIwVzMvhIhhrA - 131 - INFO - UNI-USDT-SWAP 下单: 2份,保证金: 0.36116 下单最大: 0.7
2024-06-24 12:20:22,295 - C%2B0VRghKDyIwVzMvhIhhrA - 131 - INFO - 交易员 C%2B0VRghKDyIwVzMvhIhhrA 以单价9.009U 50倍【买入开多】UNI-USDT-SWAP ,400.0张 ，我开2张
2024-06-24 12:20:22,533 - C%2B0VRghKDyIwVzMvhIhhrA - 131 - INFO - cross多委托成功, 订单id：1567972518415355904 06/24 12:20:22
2024-06-24 12:20:23,614 - C%2B0VRghKDyIwVzMvhIhhrA - 131 - INFO - {'UNI-USDT-SWAP_50_long_cross': 800.0}
2024-06-24 12:20:23,615 - C%2B0VRghKDyIwVzMvhIhhrA - 131 - INFO - {'UNI-USDT-SWAP_50_long_cross': 4.0}
2024-06-24 12:20:23,615 - C%2B0VRghKDyIwVzMvhIhhrA - 131 - INFO - 平仓单上次下的单
2024-06-24 12:20:23,838 - C%2B0VRghKDyIwVzMvhIhhrA - 131 - INFO - UNI-USDT-SWAP 下单: 2,保证金: 0.36116
2024-06-24 12:20:23,838 - C%2B0VRghKDyIwVzMvhIhhrA - 131 - INFO - 交易员 C%2B0VRghKDyIwVzMvhIhhrA 以单价8.996U 50倍【卖出平多】UNI-USDT-SWAP ,500.0张 ，我平2张
2024-06-24 12:20:24,053 - C%2B0VRghKDyIwVzMvhIhhrA - 131 - INFO - cross多委托成功, 订单id：1567972569619419136 06/24 12:20:24
2024-06-24 12:20:24,170 - C%2B0VRghKDyIwVzMvhIhhrA - 131 - INFO - 订单 1567972569619419136 已成交。
2024-06-24 12:20:25,127 - C%2B0VRghKDyIwVzMvhIhhrA - 131 - INFO - {'UNI-USDT-SWAP_50_long_cross': 300.0}
2024-06-24 12:20:25,127 - C%2B0VRghKDyIwVzMvhIhhrA - 131 - INFO - {'UNI-USDT-SWAP_50_long_cross': 2.0}
2024-06-24 12:20:42,993 - C%2B0VRghKDyIwVzMvhIhhrA - 131 - INFO - 订单 1567972518415355904 在 15 秒内未成交，撤销挂单并重新挂单为市价单。
2024-06-24 12:20:43,295 - C%2B0VRghKDyIwVzMvhIhhrA - 131 - INFO - cross多委托成功, 订单id：1567973215038918656 06/24 12:20:43
2024-06-24 12:20:43,398 - C%2B0VRghKDyIwVzMvhIhhrA - 131 - INFO - 订单 1567973215038918656 已成交。
2024-06-24 12:35:30,037 - C%2B0VRghKDyIwVzMvhIhhrA - 131 - INFO - UNI-USDT-SWAP 下单: 2份,保证金: 0.36028 下单最大: 0.7
2024-06-24 12:35:30,037 - C%2B0VRghKDyIwVzMvhIhhrA - 131 - INFO - 交易员 C%2B0VRghKDyIwVzMvhIhhrA 以单价9.009U 50倍【买入开多】UNI-USDT-SWAP ,400.0张 ，我开2张
2024-06-24 12:35:30,273 - C%2B0VRghKDyIwVzMvhIhhrA - 131 - INFO - cross多委托成功, 订单id：1568002977551667200 06/24 12:35:30
2024-06-24 12:35:30,370 - C%2B0VRghKDyIwVzMvhIhhrA - 131 - INFO - 订单 1568002977551667200 已成交。
2024-06-24 12:35:31,273 - C%2B0VRghKDyIwVzMvhIhhrA - 131 - INFO - {'UNI-USDT-SWAP_50_long_cross': 700.0}
2024-06-24 12:35:31,274 - C%2B0VRghKDyIwVzMvhIhhrA - 131 - INFO - {'UNI-USDT-SWAP_50_long_cross': 4.0}
2024-06-24 12:35:31,274 - C%2B0VRghKDyIwVzMvhIhhrA - 131 - INFO - 平仓单上次下的单
2024-06-24 12:35:31,483 - C%2B0VRghKDyIwVzMvhIhhrA - 131 - INFO - UNI-USDT-SWAP 下单: 2,保证金: 0.36028
2024-06-24 12:35:31,484 - C%2B0VRghKDyIwVzMvhIhhrA - 131 - INFO - 交易员 C%2B0VRghKDyIwVzMvhIhhrA 以单价9.009U 50倍【卖出平多】UNI-USDT-SWAP ,400.0张 ，我平2张
2024-06-24 12:35:31,699 - C%2B0VRghKDyIwVzMvhIhhrA - 131 - INFO - cross多委托成功, 订单id：1568003025467396096 06/24 12:35:31
2024-06-24 12:35:32,672 - C%2B0VRghKDyIwVzMvhIhhrA - 131 - INFO - {'UNI-USDT-SWAP_50_long_cross': 300.0}
2024-06-24 12:35:32,678 - C%2B0VRghKDyIwVzMvhIhhrA - 131 - INFO - {'UNI-USDT-SWAP_50_long_cross': 2.0}
2024-06-24 12:35:47,103 - C%2B0VRghKDyIwVzMvhIhhrA - 131 - INFO - 订单 1568003025467396096 已成交。
2024-06-24 13:36:55,609 - C%2B0VRghKDyIwVzMvhIhhrA - 131 - INFO - 平仓单上次下的单
2024-06-24 13:36:55,839 - C%2B0VRghKDyIwVzMvhIhhrA - 131 - INFO - UNI-USDT-SWAP 下单: 2,保证金: 0.36335999999999996
2024-06-24 13:36:55,839 - C%2B0VRghKDyIwVzMvhIhhrA - 131 - INFO - 交易员 C%2B0VRghKDyIwVzMvhIhhrA 以单价8.911U 50倍【卖出平多】UNI-USDT-SWAP ,500.0张 ，我平2张
2024-06-24 13:36:56,066 - C%2B0VRghKDyIwVzMvhIhhrA - 131 - INFO - cross多委托成功, 订单id：1568126652544241664 06/24 13:36:56
2024-06-24 13:36:56,165 - C%2B0VRghKDyIwVzMvhIhhrA - 131 - INFO - 订单 1568126652544241664 已成交。
2024-06-24 13:36:57,141 - C%2B0VRghKDyIwVzMvhIhhrA - 131 - INFO - {'UNI-USDT-SWAP_50_long_cross': 0}
2024-06-24 13:36:57,142 - C%2B0VRghKDyIwVzMvhIhhrA - 131 - INFO - {'UNI-USDT-SWAP_50_long_cross': 0}
2024-06-24 13:42:07,610 - C%2B0VRghKDyIwVzMvhIhhrA - 131 - INFO - UNI-USDT-SWAP 下单: 2份,保证金: 0.36196 下单最大: 0.7
2024-06-24 13:42:07,610 - C%2B0VRghKDyIwVzMvhIhhrA - 131 - INFO - 交易员 C%2B0VRghKDyIwVzMvhIhhrA 以单价9.054U 50倍【买入开多】UNI-USDT-SWAP ,500.0张 ，我开2张
2024-06-24 13:42:07,829 - C%2B0VRghKDyIwVzMvhIhhrA - 131 - INFO - cross多委托成功, 订单id：1568137113339744256 06/24 13:42:07
2024-06-24 13:42:07,933 - C%2B0VRghKDyIwVzMvhIhhrA - 131 - INFO - 订单 1568137113339744256 已成交。
2024-06-24 13:42:08,870 - C%2B0VRghKDyIwVzMvhIhhrA - 131 - INFO - {'UNI-USDT-SWAP_50_long_cross': 500.0}
2024-06-24 13:42:08,872 - C%2B0VRghKDyIwVzMvhIhhrA - 131 - INFO - {'UNI-USDT-SWAP_50_long_cross': 2.0}
2024-06-24 14:02:51,178 - C%2B0VRghKDyIwVzMvhIhhrA - 131 - INFO - 平仓单上次下的单
2024-06-24 14:02:51,382 - C%2B0VRghKDyIwVzMvhIhhrA - 131 - INFO - UNI-USDT-SWAP 下单: 2,保证金: 0.3632
2024-06-24 14:02:51,382 - C%2B0VRghKDyIwVzMvhIhhrA - 131 - INFO - 交易员 C%2B0VRghKDyIwVzMvhIhhrA 以单价8.819U 50倍【卖出平多】UNI-USDT-SWAP ,500.0张 ，我平2张
2024-06-24 14:02:51,612 - C%2B0VRghKDyIwVzMvhIhhrA - 131 - INFO - cross多委托成功, 订单id：1568178847805394944 06/24 14:02:51
2024-06-24 14:02:51,712 - C%2B0VRghKDyIwVzMvhIhhrA - 131 - INFO - 订单 1568178847805394944 已成交。
2024-06-24 14:02:52,669 - C%2B0VRghKDyIwVzMvhIhhrA - 131 - INFO - {'UNI-USDT-SWAP_50_long_cross': 0}
2024-06-24 14:02:52,669 - C%2B0VRghKDyIwVzMvhIhhrA - 131 - INFO - {'UNI-USDT-SWAP_50_long_cross': 0}
2024-06-24 14:07:56,165 - C%2B0VRghKDyIwVzMvhIhhrA - 131 - INFO - UNI-USDT-SWAP 下单: 2份,保证金: 0.36308 下单最大: 0.7
2024-06-24 14:07:56,166 - C%2B0VRghKDyIwVzMvhIhhrA - 131 - INFO - 交易员 C%2B0VRghKDyIwVzMvhIhhrA 以单价9.06311801U 50倍【买入开多】UNI-USDT-SWAP ,441.5张 ，我开2张
2024-06-24 14:07:56,368 - C%2B0VRghKDyIwVzMvhIhhrA - 131 - INFO - cross多委托成功, 订单id：1568189073786982400 06/24 14:07:56
2024-06-24 14:07:57,462 - C%2B0VRghKDyIwVzMvhIhhrA - 131 - INFO - {'UNI-USDT-SWAP_50_long_cross': 441.5}
2024-06-24 14:07:57,464 - C%2B0VRghKDyIwVzMvhIhhrA - 131 - INFO - {'UNI-USDT-SWAP_50_long_cross': 2.0}
2024-06-24 14:08:16,827 - C%2B0VRghKDyIwVzMvhIhhrA - 131 - INFO - 订单 1568189073786982400 在 15 秒内未成交，撤销挂单并重新挂单为市价单。
2024-06-24 14:08:17,144 - C%2B0VRghKDyIwVzMvhIhhrA - 131 - INFO - cross多委托成功, 订单id：1568189770578317312 06/24 14:08:17
2024-06-24 14:08:17,243 - C%2B0VRghKDyIwVzMvhIhhrA - 131 - INFO - 订单 1568189770578317312 已成交。
2024-06-24 14:13:01,853 - C%2B0VRghKDyIwVzMvhIhhrA - 131 - INFO - UNI-USDT-SWAP 下单: 2份,保证金: 0.36223999999999995 下单最大: 0.7
2024-06-24 14:13:01,853 - C%2B0VRghKDyIwVzMvhIhhrA - 131 - INFO - 交易员 C%2B0VRghKDyIwVzMvhIhhrA 以单价9.053U 50倍【买入开多】UNI-USDT-SWAP ,400.0张 ，我开2张
2024-06-24 14:13:02,087 - C%2B0VRghKDyIwVzMvhIhhrA - 131 - INFO - cross多委托成功, 订单id：1568199332014379008 06/24 14:13:02
2024-06-24 14:13:03,058 - C%2B0VRghKDyIwVzMvhIhhrA - 131 - INFO - {'UNI-USDT-SWAP_50_long_cross': 841.5}
2024-06-24 14:13:03,060 - C%2B0VRghKDyIwVzMvhIhhrA - 131 - INFO - {'UNI-USDT-SWAP_50_long_cross': 4.0}
2024-06-24 14:13:03,061 - C%2B0VRghKDyIwVzMvhIhhrA - 131 - INFO - 平仓单上次下的单
2024-06-24 14:13:03,301 - C%2B0VRghKDyIwVzMvhIhhrA - 131 - INFO - UNI-USDT-SWAP 下单: 2,保证金: 0.36219999999999997
2024-06-24 14:13:03,301 - C%2B0VRghKDyIwVzMvhIhhrA - 131 - INFO - 交易员 C%2B0VRghKDyIwVzMvhIhhrA 以单价8.989U 50倍【卖出平多】UNI-USDT-SWAP ,500.0张 ，我平2张
2024-06-24 14:13:03,504 - C%2B0VRghKDyIwVzMvhIhhrA - 131 - INFO - cross多委托成功, 订单id：1568199379460345856 06/24 14:13:03
2024-06-24 14:13:03,611 - C%2B0VRghKDyIwVzMvhIhhrA - 131 - INFO - 订单 1568199379460345856 已成交。
2024-06-24 14:13:04,668 - C%2B0VRghKDyIwVzMvhIhhrA - 131 - INFO - {'UNI-USDT-SWAP_50_long_cross': 341.5}
2024-06-24 14:13:04,668 - C%2B0VRghKDyIwVzMvhIhhrA - 131 - INFO - {'UNI-USDT-SWAP_50_long_cross': 2.0}
2024-06-24 14:13:07,309 - C%2B0VRghKDyIwVzMvhIhhrA - 131 - INFO - 订单 1568199332014379008 已成交。
