2024-06-24 12:15:27,523 - GSJDHA3qvwcpM8RbXVUL7w - 131 - INFO - BTC-USDT-SWAP 下单: 0.1份,保证金: 0.6137650000000001 下单最大: 0.6
2024-06-24 12:15:27,524 - GSJDHA3qvwcpM8RbXVUL7w - 131 - INFO - 不再下单
2024-06-24 12:15:27,886 - GSJDHA3qvwcpM8RbXVUL7w - 131 - INFO - BTC-USDT-SWAP 下单: 0.1份,保证金: 0.6136490000000001 下单最大: 0.6
2024-06-24 12:15:27,887 - GSJDHA3qvwcpM8RbXVUL7w - 131 - INFO - 不再下单
2024-06-24 12:15:28,098 - GSJDHA3qvwcpM8RbXVUL7w - 131 - INFO - BTC-USDT-SWAP 下单: 0.1份,保证金: 0.6137640000000001 下单最大: 0.6
2024-06-24 12:15:28,098 - GSJDHA3qvwcpM8RbXVUL7w - 131 - INFO - 不再下单
2024-06-24 12:15:28,291 - GSJDHA3qvwcpM8RbXVUL7w - 131 - INFO - BTC-USDT-SWAP 下单: 0.1份,保证金: 0.6136490000000001 下单最大: 0.6
2024-06-24 12:15:28,291 - GSJDHA3qvwcpM8RbXVUL7w - 131 - INFO - 不再下单
2024-06-24 12:25:32,361 - GSJDHA3qvwcpM8RbXVUL7w - 131 - INFO - BTC-USDT-SWAP 下单: 0.1份,保证金: 0.614559 下单最大: 0.6
2024-06-24 12:25:32,362 - GSJDHA3qvwcpM8RbXVUL7w - 131 - INFO - 不再下单
2024-06-24 12:25:32,573 - GSJDHA3qvwcpM8RbXVUL7w - 131 - INFO - BTC-USDT-SWAP 下单: 0.1份,保证金: 0.6144950000000001 下单最大: 0.6
2024-06-24 12:25:32,574 - GSJDHA3qvwcpM8RbXVUL7w - 131 - INFO - 不再下单
2024-06-24 13:11:07,178 - GSJDHA3qvwcpM8RbXVUL7w - 131 - INFO - 平仓单上次下的单
2024-06-24 13:11:07,398 - GSJDHA3qvwcpM8RbXVUL7w - 131 - INFO - BTC-USDT-SWAP 下单: 0.1,保证金: 0.6108870000000001
2024-06-24 13:11:07,399 - GSJDHA3qvwcpM8RbXVUL7w - 131 - INFO - 交易员 GSJDHA3qvwcpM8RbXVUL7w 以单价61435.2U 100倍【买入平空】BTC-USDT-SWAP ,0.001张 ，我平0.1张
2024-06-24 13:11:07,609 - GSJDHA3qvwcpM8RbXVUL7w - 131 - INFO - 委托失败, 原因：Order failed. You don't have any positions in this contract that can be closed. 
2024-06-24 13:11:08,552 - GSJDHA3qvwcpM8RbXVUL7w - 131 - INFO - {'BTC-USDT-SWAP_100_short_cross': 0}
2024-06-24 13:11:08,552 - GSJDHA3qvwcpM8RbXVUL7w - 131 - INFO - {'BTC-USDT-SWAP_100_short_cross': 0}
2024-06-24 13:11:08,552 - GSJDHA3qvwcpM8RbXVUL7w - 131 - INFO - 平仓单上次下的单
2024-06-24 13:11:08,761 - GSJDHA3qvwcpM8RbXVUL7w - 131 - INFO - BTC-USDT-SWAP 下单: 0.1,保证金: 0.6108870000000001
2024-06-24 13:11:08,761 - GSJDHA3qvwcpM8RbXVUL7w - 131 - INFO - 平仓单上次下的单
2024-06-24 13:11:08,985 - GSJDHA3qvwcpM8RbXVUL7w - 131 - INFO - BTC-USDT-SWAP 下单: 0.1,保证金: 0.6108870000000001
2024-06-24 13:11:08,986 - GSJDHA3qvwcpM8RbXVUL7w - 131 - INFO - 平仓单上次下的单
2024-06-24 13:11:09,185 - GSJDHA3qvwcpM8RbXVUL7w - 131 - INFO - BTC-USDT-SWAP 下单: 0.1,保证金: 0.6108870000000001
2024-06-24 13:11:09,185 - GSJDHA3qvwcpM8RbXVUL7w - 131 - INFO - 平仓单上次下的单
2024-06-24 13:11:09,441 - GSJDHA3qvwcpM8RbXVUL7w - 131 - INFO - BTC-USDT-SWAP 下单: 0.1,保证金: 0.6110280000000001
2024-06-24 13:11:09,441 - GSJDHA3qvwcpM8RbXVUL7w - 131 - INFO - 平仓单上次下的单
2024-06-24 13:11:09,691 - GSJDHA3qvwcpM8RbXVUL7w - 131 - INFO - BTC-USDT-SWAP 下单: 0.1,保证金: 0.6110280000000001
