2024-06-24 11:21:17,731 - 2DF58532A9E97F53 - 131 - INFO - PEPE-USDT-SWAP 下单: 0.2份,保证金: 0.42332000000000003 下单最大: 0.7
2024-06-24 11:21:17,732 - 2DF58532A9E97F53 - 131 - INFO - 交易员 2DF58532A9E97F53 以单价0.000010586U 50倍【买入开多】PEPE-USDT-SWAP ,1.0张 ，我开0.2张
2024-06-24 11:21:17,973 - 2DF58532A9E97F53 - 131 - INFO - cross多委托成功, 订单id：1567853583388954624 06/24 11:21:17
2024-06-24 11:21:18,082 - 2DF58532A9E97F53 - 131 - INFO - 订单 1567853583388954624 已成交。
2024-06-24 11:21:18,937 - 2DF58532A9E97F53 - 131 - INFO - {'PEPE-USDT-SWAP_50_long_cross': 1.0}
2024-06-24 11:21:18,938 - 2DF58532A9E97F53 - 131 - INFO - {'PEPE-USDT-SWAP_50_long_cross': 0.2}
2024-06-24 11:52:01,383 - 2DF58532A9E97F53 - 131 - INFO - 平仓单上次下的单
2024-06-24 11:52:01,664 - 2DF58532A9E97F53 - 131 - INFO - PEPE-USDT-SWAP 下单: 0.2,保证金: 0.42764
2024-06-24 11:52:01,664 - 2DF58532A9E97F53 - 131 - INFO - 交易员 2DF58532A9E97F53 以单价0.000010478U 50倍【卖出平多】PEPE-USDT-SWAP ,1.0张 ，我平0.2张
2024-06-24 11:52:01,890 - 2DF58532A9E97F53 - 131 - INFO - cross多委托成功, 订单id：1567915454372564992 06/24 11:52:01
2024-06-24 11:52:01,988 - 2DF58532A9E97F53 - 131 - INFO - 订单 1567915454372564992 已成交。
2024-06-24 11:52:02,864 - 2DF58532A9E97F53 - 131 - INFO - {'PEPE-USDT-SWAP_50_long_cross': 0}
2024-06-24 11:52:02,865 - 2DF58532A9E97F53 - 131 - INFO - {'PEPE-USDT-SWAP_50_long_cross': 0}
2024-06-24 12:22:16,008 - 2DF58532A9E97F53 - 131 - INFO - 平仓单上次下的单
2024-06-24 12:22:16,232 - 2DF58532A9E97F53 - 131 - INFO - PEPE-USDT-SWAP 下单: 0.2,保证金: 0.43148000000000003
2024-06-24 12:50:17,050 - 2DF58532A9E97F53 - 131 - INFO - PEPE-USDT-SWAP 下单: 0.2份,保证金: 0.42732 下单最大: 0.7
2024-06-24 12:50:17,051 - 2DF58532A9E97F53 - 131 - INFO - 交易员 2DF58532A9E97F53 以单价0.000010666U 50倍【买入开多】PEPE-USDT-SWAP ,1.0张 ，我开0.2张
2024-06-24 12:50:17,273 - 2DF58532A9E97F53 - 131 - INFO - cross多委托成功, 订单id：1568032740668395520 06/24 12:50:17
2024-06-24 12:50:18,284 - 2DF58532A9E97F53 - 131 - INFO - {'PEPE-USDT-SWAP_50_long_cross': 1.0}
2024-06-24 12:50:18,285 - 2DF58532A9E97F53 - 131 - INFO - {'PEPE-USDT-SWAP_50_long_cross': 0.2}
2024-06-24 12:50:37,701 - 2DF58532A9E97F53 - 131 - INFO - 订单 1568032740668395520 在 15 秒内未成交，撤销挂单并重新挂单为市价单。
2024-06-24 12:50:38,000 - 2DF58532A9E97F53 - 131 - INFO - cross多委托成功, 订单id：1568033436016889866 06/24 12:50:38
2024-06-24 12:50:38,106 - 2DF58532A9E97F53 - 131 - INFO - 订单 1568033436016889866 已成交。
2024-06-24 13:35:24,389 - 2DF58532A9E97F53 - 131 - INFO - 平仓单上次下的单
2024-06-24 13:35:24,579 - 2DF58532A9E97F53 - 131 - INFO - PEPE-USDT-SWAP 下单: 0.2,保证金: 0.43144
2024-06-24 13:35:24,579 - 2DF58532A9E97F53 - 131 - INFO - 交易员 2DF58532A9E97F53 以单价0.000010344U 50倍【卖出平多】PEPE-USDT-SWAP ,1.0张 ，我平0.2张
2024-06-24 13:35:25,106 - 2DF58532A9E97F53 - 131 - INFO - cross多委托成功, 订单id：1568123600332443648 06/24 13:35:25
2024-06-24 13:35:25,203 - 2DF58532A9E97F53 - 131 - INFO - 订单 1568123600332443648 已成交。
2024-06-24 13:35:25,831 - 2DF58532A9E97F53 - 131 - INFO - {'PEPE-USDT-SWAP_50_long_cross': 0}
2024-06-24 13:35:25,832 - 2DF58532A9E97F53 - 131 - INFO - {'PEPE-USDT-SWAP_50_long_cross': 0}
2024-06-24 13:57:51,156 - 2DF58532A9E97F53 - 131 - INFO - 平仓单上次下的单
2024-06-24 13:57:51,337 - 2DF58532A9E97F53 - 131 - INFO - PEPE-USDT-SWAP 下单: 0.2,保证金: 0.43332
2024-06-24 14:01:05,908 - 2DF58532A9E97F53 - 131 - INFO - 平仓单上次下的单
2024-06-24 14:01:06,134 - 2DF58532A9E97F53 - 131 - INFO - PEPE-USDT-SWAP 下单: 0.2,保证金: 0.43536
